<?xml version="1.0" encoding="UTF-8"?>
<testsuite xmlns:xsi="http://www.w3.org/2001/XMLSchema-instance" xsi:noNamespaceSchemaLocation="https://maven.apache.org/surefire/maven-surefire-plugin/xsd/surefire-test-report.xsd" name="tp4.example.AppTest" time="0.031" tests="1" errors="0" skipped="0" failures="0">
  <properties>
    <property name="gopherProxySet" value="false"/>
    <property name="awt.toolkit" value="sun.lwawt.macosx.LWCToolkit"/>
    <property name="java.specification.version" value="11"/>
    <property name="sun.cpu.isalist" value=""/>
    <property name="sun.jnu.encoding" value="UTF-8"/>
    <property name="java.class.path" value="/Users/nicolassigal/Desktop/Scolaire/ENSTA/3A/ASI311 - Plateformes logicielles/tp4/target/test-classes:/Users/nicolassigal/Desktop/Scolaire/ENSTA/3A/ASI311 - Plateformes logicielles/tp4/target/classes:/Users/nicolassigal/.m2/repository/junit/junit/4.11/junit-4.11.jar:/Users/nicolassigal/.m2/repository/org/hamcrest/hamcrest-core/1.3/hamcrest-core-1.3.jar:"/>
    <property name="java.vm.vendor" value="JetBrains s.r.o"/>
    <property name="sun.arch.data.model" value="64"/>
    <property name="java.vendor.url" value="https://www.jetbrains.com/"/>
    <property name="user.timezone" value=""/>
    <property name="java.vm.specification.version" value="11"/>
    <property name="os.name" value="Mac OS X"/>
    <property name="sun.java.launcher" value="SUN_STANDARD"/>
    <property name="user.country" value="FR"/>
    <property name="sun.boot.library.path" value="/Users/nicolassigal/opt/anaconda3/lib"/>
    <property name="sun.java.command" value="/Users/nicolassigal/Desktop/Scolaire/ENSTA/3A/ASI311 - Plateformes logicielles/tp4/target/surefire/surefirebooter4211291282594975867.jar /Users/nicolassigal/Desktop/Scolaire/ENSTA/3A/ASI311 - Plateformes logicielles/tp4/target/surefire 2022-11-29T09-17-10_519-jvmRun1 surefire11586706648219077083tmp surefire_03583809352439000066tmp"/>
    <property name="jdk.debug" value="release"/>
    <property name="surefire.test.class.path" value="/Users/nicolassigal/Desktop/Scolaire/ENSTA/3A/ASI311 - Plateformes logicielles/tp4/target/test-classes:/Users/nicolassigal/Desktop/Scolaire/ENSTA/3A/ASI311 - Plateformes logicielles/tp4/target/classes:/Users/nicolassigal/.m2/repository/junit/junit/4.11/junit-4.11.jar:/Users/nicolassigal/.m2/repository/org/hamcrest/hamcrest-core/1.3/hamcrest-core-1.3.jar:"/>
    <property name="sun.cpu.endian" value="little"/>
    <property name="user.home" value="/Users/nicolassigal"/>
    <property name="user.language" value="en"/>
    <property name="java.specification.vendor" value="Oracle Corporation"/>
    <property name="java.version.date" value="2020-01-14"/>
    <property name="java.home" value="/Users/nicolassigal/opt/anaconda3"/>
    <property name="file.separator" value="/"/>
    <property name="basedir" value="/Users/nicolassigal/Desktop/Scolaire/ENSTA/3A/ASI311 - Plateformes logicielles/tp4"/>
    <property name="java.vm.compressedOopsMode" value="Zero based"/>
    <property name="line.separator" value="&#10;"/>
    <property name="java.specification.name" value="Java Platform API Specification"/>
    <property name="java.vm.specification.vendor" value="Oracle Corporation"/>
    <property name="java.awt.graphicsenv" value="sun.awt.CGraphicsEnvironment"/>
    <property name="surefire.real.class.path" value="/Users/nicolassigal/Desktop/Scolaire/ENSTA/3A/ASI311 - Plateformes logicielles/tp4/target/surefire/surefirebooter4211291282594975867.jar"/>
    <property name="sun.management.compiler" value="HotSpot 64-Bit Tiered Compilers"/>
    <property name="java.runtime.version" value="11.0.6+8-b765.1"/>
    <property name="user.name" value="nicolassigal"/>
    <property name="path.separator" value=":"/>
    <property name="os.version" value="10.16"/>
    <property name="java.runtime.name" value="OpenJDK Runtime Environment"/>
    <property name="file.encoding" value="UTF-8"/>
    <property name="java.vm.name" value="OpenJDK 64-Bit Server VM"/>
    <property name="localRepository" value="/Users/nicolassigal/.m2/repository"/>
    <property name="java.vendor.url.bug" value="https://youtrack.jetbrains.com"/>
    <property name="java.io.tmpdir" value="/var/folders/ps/6c7w4gcs2t33_1x_8gxgrpqh0000gn/T/"/>
    <property name="java.version" value="11.0.6"/>
    <property name="user.dir" value="/Users/nicolassigal/Desktop/Scolaire/ENSTA/3A/ASI311 - Plateformes logicielles/tp4"/>
    <property name="os.arch" value="x86_64"/>
    <property name="java.vm.specification.name" value="Java Virtual Machine Specification"/>
    <property name="java.awt.printerjob" value="sun.lwawt.macosx.CPrinterJob"/>
    <property name="sun.os.patch.level" value="unknown"/>
    <property name="java.library.path" value="/Users/nicolassigal/Library/Java/Extensions:/Library/Java/Extensions:/Network/Library/Java/Extensions:/System/Library/Java/Extensions:/usr/lib/java:."/>
    <property name="java.vendor" value="JetBrains s.r.o"/>
    <property name="java.vm.info" value="mixed mode"/>
    <property name="java.vm.version" value="11.0.6+8-b765.1"/>
    <property name="sun.io.unicode.encoding" value="UnicodeBig"/>
    <property name="java.class.version" value="55.0"/>
  </properties>
  <testcase name="shouldAnswerWithTrue" classname="tp4.example.AppTest" time="0.001"/>
</testsuite>